Determining if the pthread_create exist failed with the following output:
Change Dir: /home/oleg/Documents/SensorFusion/SFND_Unscented_Kalman_Filter/build/CMakeFiles/CMakeTmp

Run Build Command(s):/usr/bin/make cmTC_cef03/fast 
/usr/bin/make -f CMakeFiles/cmTC_cef03.dir/build.make CMakeFiles/cmTC_cef03.dir/build
make[1]: Entering directory '/home/oleg/Documents/SensorFusion/SFND_Unscented_Kalman_Filter/build/CMakeFiles/CMakeTmp'
Building C object CMakeFiles/cmTC_cef03.dir/CheckSymbolExists.c.o
/bin/gcc-8    -o CMakeFiles/cmTC_cef03.dir/CheckSymbolExists.c.o   -c /home/oleg/Documents/SensorFusion/SFND_Unscented_Kalman_Filter/build/CMakeFiles/CMakeTmp/CheckSymbolExists.c
Linking C executable cmTC_cef03
/home/oleg/cmake-3.14.5-Linux-x86_64/bin/cmake -E cmake_link_script CMakeFiles/cmTC_cef03.dir/link.txt --verbose=1
/bin/gcc-8      -rdynamic CMakeFiles/cmTC_cef03.dir/CheckSymbolExists.c.o  -o cmTC_cef03 
/usr/bin/ld: CMakeFiles/cmTC_cef03.dir/CheckSymbolExists.c.o: in function `main':
CheckSymbolExists.c:(.text+0x1b): undefined reference to `pthread_create'
collect2: error: ld returned 1 exit status
make[1]: *** [CMakeFiles/cmTC_cef03.dir/build.make:87: cmTC_cef03] Error 1
make[1]: Leaving directory '/home/oleg/Documents/SensorFusion/SFND_Unscented_Kalman_Filter/build/CMakeFiles/CMakeTmp'
make: *** [Makefile:121: cmTC_cef03/fast] Error 2

File /home/oleg/Documents/SensorFusion/SFND_Unscented_Kalman_Filter/build/CMakeFiles/CMakeTmp/CheckSymbolExists.c:
/* */
#include <pthread.h>

int main(int argc, char** argv)
{
  (void)argv;
#ifndef pthread_create
  return ((int*)(&pthread_create))[argc];
#else
  (void)argc;
  return 0;
#endif
}

Determining if the function pthread_create exists in the pthreads failed with the following output:
Change Dir: /home/oleg/Documents/SensorFusion/SFND_Unscented_Kalman_Filter/build/CMakeFiles/CMakeTmp

Run Build Command(s):/usr/bin/make cmTC_597c8/fast 
/usr/bin/make -f CMakeFiles/cmTC_597c8.dir/build.make CMakeFiles/cmTC_597c8.dir/build
make[1]: Entering directory '/home/oleg/Documents/SensorFusion/SFND_Unscented_Kalman_Filter/build/CMakeFiles/CMakeTmp'
Building C object CMakeFiles/cmTC_597c8.dir/CheckFunctionExists.c.o
/bin/gcc-8   -DCHECK_FUNCTION_EXISTS=pthread_create   -o CMakeFiles/cmTC_597c8.dir/CheckFunctionExists.c.o   -c /home/oleg/cmake-3.14.5-Linux-x86_64/share/cmake-3.14/Modules/CheckFunctionExists.c
Linking C executable cmTC_597c8
/home/oleg/cmake-3.14.5-Linux-x86_64/bin/cmake -E cmake_link_script CMakeFiles/cmTC_597c8.dir/link.txt --verbose=1
/bin/gcc-8  -DCHECK_FUNCTION_EXISTS=pthread_create    -rdynamic CMakeFiles/cmTC_597c8.dir/CheckFunctionExists.c.o  -o cmTC_597c8 -lpthreads 
/usr/bin/ld: cannot find -lpthreads
collect2: error: ld returned 1 exit status
make[1]: *** [CMakeFiles/cmTC_597c8.dir/build.make:87: cmTC_597c8] Error 1
make[1]: Leaving directory '/home/oleg/Documents/SensorFusion/SFND_Unscented_Kalman_Filter/build/CMakeFiles/CMakeTmp'
make: *** [Makefile:121: cmTC_597c8/fast] Error 2


